[debug] [2025-08-21T16:33:07.580Z] ----------------------------------------------------------------------
[debug] [2025-08-21T16:33:07.581Z] Command:       /Users/lucaschweiger/.nvm/versions/node/v18.20.4/bin/node /opt/homebrew/bin/firebase functions:shell
[debug] [2025-08-21T16:33:07.581Z] CLI Version:   13.22.0
[debug] [2025-08-21T16:33:07.582Z] Platform:      darwin
[debug] [2025-08-21T16:33:07.582Z] Node Version:  v18.20.4
[debug] [2025-08-21T16:33:07.587Z] Time:          Thu Aug 21 2025 18:33:07 GMT+0200 (Mitteleuropäische Sommerzeit)
[debug] [2025-08-21T16:33:07.587Z] ----------------------------------------------------------------------
[debug] 
[debug] [2025-08-21T16:33:07.616Z] > command requires scopes: ["email","openid","https://www.googleapis.com/auth/cloudplatformprojects.readonly","https://www.googleapis.com/auth/firebase","https://www.googleapis.com/auth/cloud-platform"]
[debug] [2025-08-21T16:33:07.616Z] > authorizing via signed-in user (lucakingsley@gmail.com)
[debug] [2025-08-21T16:33:07.617Z] [iam] checking project buderus-systeme for permissions ["firebase.projects.get"]
[debug] [2025-08-21T16:33:07.617Z] Checked if tokens are valid: true, expires at: 1755795414947
[debug] [2025-08-21T16:33:07.617Z] Checked if tokens are valid: true, expires at: 1755795414947
[debug] [2025-08-21T16:33:07.618Z] >>> [apiv2][query] POST https://cloudresourcemanager.googleapis.com/v1/projects/buderus-systeme:testIamPermissions [none]
[debug] [2025-08-21T16:33:07.618Z] >>> [apiv2][(partial)header] POST https://cloudresourcemanager.googleapis.com/v1/projects/buderus-systeme:testIamPermissions x-goog-quota-user=projects/buderus-systeme
[debug] [2025-08-21T16:33:07.618Z] >>> [apiv2][body] POST https://cloudresourcemanager.googleapis.com/v1/projects/buderus-systeme:testIamPermissions {"permissions":["firebase.projects.get"]}
[debug] [2025-08-21T16:33:08.404Z] <<< [apiv2][status] POST https://cloudresourcemanager.googleapis.com/v1/projects/buderus-systeme:testIamPermissions 200
[debug] [2025-08-21T16:33:08.404Z] <<< [apiv2][body] POST https://cloudresourcemanager.googleapis.com/v1/projects/buderus-systeme:testIamPermissions {"permissions":["firebase.projects.get"]}
[warn] ⚠  functions: Functions Emulator unable to start on port 5001, starting on 5002 instead. {"metadata":{"emulator":{"name":"functions"},"message":"Functions Emulator unable to start on port 5001, starting on 5002 instead."}}
[debug] [2025-08-21T16:33:08.483Z] [functions] Functions Emulator only supports listening on one address (127.0.0.1). Not listening on ::1
[debug] [2025-08-21T16:33:08.485Z] defaultcredentials: writing to file /Users/lucaschweiger/.config/firebase/lucakingsley_gmail_com_application_default_credentials.json
[debug] [2025-08-21T16:33:08.485Z] DEBUG: Setting GAC to /Users/lucaschweiger/.config/firebase/lucakingsley_gmail_com_application_default_credentials.json
[debug] [2025-08-21T16:33:08.486Z] Checked if tokens are valid: true, expires at: 1755795414947
[debug] [2025-08-21T16:33:08.486Z] Checked if tokens are valid: true, expires at: 1755795414947
[debug] [2025-08-21T16:33:08.486Z] >>> [apiv2][query] GET https://firebase.googleapis.com/v1beta1/projects/buderus-systeme/adminSdkConfig [none]
[debug] [2025-08-21T16:33:08.760Z] <<< [apiv2][status] GET https://firebase.googleapis.com/v1beta1/projects/buderus-systeme/adminSdkConfig 200
[debug] [2025-08-21T16:33:08.760Z] <<< [apiv2][body] GET https://firebase.googleapis.com/v1beta1/projects/buderus-systeme/adminSdkConfig {"projectId":"buderus-systeme","storageBucket":"buderus-systeme.firebasestorage.app"}
[debug] [2025-08-21T16:33:08.775Z] [functions] Watching "/Users/lucaschweiger/Documents/Clients/Buderus_Systeme/Website/buderus/buderus/newsletter/functions" for Cloud Functions...
[debug] [2025-08-21T16:33:08.779Z] Validating nodejs source
[debug] [2025-08-21T16:33:09.328Z] > [functions] package.json contents: {
  "name": "newsletter-functions",
  "version": "1.0.0",
  "description": "Firebase Cloud Functions für Newsletter System",
  "main": "index.js",
  "scripts": {
    "build": "echo 'Build complete'",
    "serve": "firebase emulators:start --only functions",
    "shell": "firebase functions:shell",
    "start": "npm run shell",
    "deploy": "firebase deploy --only functions",
    "logs": "firebase functions:log"
  },
  "engines": {
    "node": "20"
  },
  "dependencies": {
    "firebase-admin": "^13.4.0",
    "firebase-functions": "^6.4.0",
    "nodemailer": "^6.9.4",
    "validator": "^13.11.0"
  },
  "devDependencies": {
    "firebase-functions-test": "^3.1.0"
  },
  "private": true
}
[debug] [2025-08-21T16:33:09.329Z] Building nodejs source
[debug] [2025-08-21T16:33:09.329Z] Failed to find version of module node: reached end of search path /Users/lucaschweiger/Documents/Clients/Buderus_Systeme/Website/buderus/buderus/newsletter/functions/node_modules
[warn] ⚠  functions: Your requested "node" version "20" doesn't match your global version "18". Using node@18 from host. 
[debug] [2025-08-21T16:33:09.330Z] Could not find functions.yaml. Must use http discovery
[debug] [2025-08-21T16:33:09.333Z] Found firebase-functions binary at '/Users/lucaschweiger/Documents/Clients/Buderus_Systeme/Website/buderus/buderus/newsletter/functions/node_modules/.bin/firebase-functions'
[info] Serving at port 8446

[debug] [2025-08-21T16:33:09.781Z] Got response from /__/functions.yaml {"endpoints":{"subscribeNewsletter":{"availableMemoryMb":null,"timeoutSeconds":null,"minInstances":null,"maxInstances":null,"ingressSettings":null,"concurrency":null,"serviceAccountEmail":null,"vpc":null,"platform":"gcfv2","labels":{},"callableTrigger":{},"entryPoint":"subscribeNewsletter"},"confirmNewsletter":{"availableMemoryMb":null,"timeoutSeconds":null,"minInstances":null,"maxInstances":null,"ingressSettings":null,"concurrency":null,"serviceAccountEmail":null,"vpc":null,"platform":"gcfv2","labels":{},"callableTrigger":{},"entryPoint":"confirmNewsletter"},"unsubscribeNewsletter":{"availableMemoryMb":null,"timeoutSeconds":null,"minInstances":null,"maxInstances":null,"ingressSettings":null,"concurrency":null,"serviceAccountEmail":null,"vpc":null,"platform":"gcfv2","labels":{},"callableTrigger":{},"entryPoint":"unsubscribeNewsletter"},"setupAdmin":{"availableMemoryMb":null,"timeoutSeconds":null,"minInstances":null,"maxInstances":null,"ingressSettings":null,"concurrency":null,"serviceAccountEmail":null,"vpc":null,"platform":"gcfv2","labels":{},"callableTrigger":{},"entryPoint":"setupAdmin"},"getSubscribers":{"availableMemoryMb":null,"timeoutSeconds":null,"minInstances":null,"maxInstances":null,"ingressSettings":null,"concurrency":null,"serviceAccountEmail":null,"vpc":null,"platform":"gcfv2","labels":{},"callableTrigger":{},"entryPoint":"getSubscribers"},"addManualSubscriber":{"availableMemoryMb":null,"timeoutSeconds":null,"minInstances":null,"maxInstances":null,"ingressSettings":null,"concurrency":null,"serviceAccountEmail":null,"vpc":null,"platform":"gcfv2","labels":{},"callableTrigger":{},"entryPoint":"addManualSubscriber"},"sendNewsletter":{"availableMemoryMb":null,"timeoutSeconds":null,"minInstances":null,"maxInstances":null,"ingressSettings":null,"concurrency":null,"serviceAccountEmail":null,"vpc":null,"platform":"gcfv2","labels":{},"callableTrigger":{},"entryPoint":"sendNewsletter"},"sendTestNewsletter":{"availableMemoryMb":null,"timeoutSeconds":null,"minInstances":null,"maxInstances":null,"ingressSettings":null,"concurrency":null,"serviceAccountEmail":null,"vpc":null,"platform":"gcfv2","labels":{},"callableTrigger":{},"entryPoint":"sendTestNewsletter"},"getAnalytics":{"availableMemoryMb":null,"timeoutSeconds":null,"minInstances":null,"maxInstances":null,"ingressSettings":null,"concurrency":null,"serviceAccountEmail":null,"vpc":null,"platform":"gcfv2","labels":{},"callableTrigger":{},"entryPoint":"getAnalytics"}},"specVersion":"v1alpha1","requiredAPIs":[],"extensions":{}}
[debug] [2025-08-21T16:33:09.797Z] [functions] Loaded functions definitions from source: subscribeNewsletter, confirmNewsletter, unsubscribeNewsletter, setupAdmin, getSubscribers, addManualSubscriber, sendNewsletter, sendTestNewsletter, getAnalytics.
[debug] [2025-08-21T16:33:09.798Z] [functions[us-central1-subscribeNewsletter]] http function initialized (http://127.0.0.1:5002/buderus-systeme/us-central1/subscribeNewsletter).
[debug] [2025-08-21T16:33:09.798Z] [functions[us-central1-confirmNewsletter]] http function initialized (http://127.0.0.1:5002/buderus-systeme/us-central1/confirmNewsletter).
[debug] [2025-08-21T16:33:09.798Z] [functions[us-central1-unsubscribeNewsletter]] http function initialized (http://127.0.0.1:5002/buderus-systeme/us-central1/unsubscribeNewsletter).
[debug] [2025-08-21T16:33:09.798Z] [functions[us-central1-setupAdmin]] http function initialized (http://127.0.0.1:5002/buderus-systeme/us-central1/setupAdmin).
[debug] [2025-08-21T16:33:09.798Z] [functions[us-central1-getSubscribers]] http function initialized (http://127.0.0.1:5002/buderus-systeme/us-central1/getSubscribers).
[debug] [2025-08-21T16:33:09.798Z] [functions[us-central1-addManualSubscriber]] http function initialized (http://127.0.0.1:5002/buderus-systeme/us-central1/addManualSubscriber).
[debug] [2025-08-21T16:33:09.798Z] [functions[us-central1-sendNewsletter]] http function initialized (http://127.0.0.1:5002/buderus-systeme/us-central1/sendNewsletter).
[debug] [2025-08-21T16:33:09.798Z] [functions[us-central1-sendTestNewsletter]] http function initialized (http://127.0.0.1:5002/buderus-systeme/us-central1/sendTestNewsletter).
[debug] [2025-08-21T16:33:09.798Z] [functions[us-central1-getAnalytics]] http function initialized (http://127.0.0.1:5002/buderus-systeme/us-central1/getAnalytics).
[info] i  functions: Loaded functions: subscribeNewsletter, confirmNewsletter, unsubscribeNewsletter, setupAdmin, getSubscribers, addManualSubscriber, sendNewsletter, sendTestNewsletter, getAnalytics 
[warn] ⚠  functions: The following emulators are not running, calls to these services will affect production: firestore, database, pubsub, storage, eventarc, tasks 
[debug] [2025-08-21T16:34:20.955Z] DEBUG: File /Users/lucaschweiger/Documents/Clients/Buderus_Systeme/Website/buderus/buderus/newsletter/functions/admin-functions.js changed, reloading triggers
[debug] [2025-08-21T16:34:22.015Z] Validating nodejs source
[debug] [2025-08-21T16:34:22.828Z] > [functions] package.json contents: {
  "name": "newsletter-functions",
  "version": "1.0.0",
  "description": "Firebase Cloud Functions für Newsletter System",
  "main": "index.js",
  "scripts": {
    "build": "echo 'Build complete'",
    "serve": "firebase emulators:start --only functions",
    "shell": "firebase functions:shell",
    "start": "npm run shell",
    "deploy": "firebase deploy --only functions",
    "logs": "firebase functions:log"
  },
  "engines": {
    "node": "20"
  },
  "dependencies": {
    "firebase-admin": "^13.4.0",
    "firebase-functions": "^6.4.0",
    "nodemailer": "^6.9.4",
    "validator": "^13.11.0"
  },
  "devDependencies": {
    "firebase-functions-test": "^3.1.0"
  },
  "private": true
}
[debug] [2025-08-21T16:34:22.829Z] Building nodejs source
[debug] [2025-08-21T16:34:22.829Z] Failed to find version of module node: reached end of search path /Users/lucaschweiger/Documents/Clients/Buderus_Systeme/Website/buderus/buderus/newsletter/functions/node_modules
[warn] ⚠  functions: Your requested "node" version "20" doesn't match your global version "18". Using node@18 from host. 
[debug] [2025-08-21T16:34:22.831Z] Could not find functions.yaml. Must use http discovery
[debug] [2025-08-21T16:34:22.835Z] Found firebase-functions binary at '/Users/lucaschweiger/Documents/Clients/Buderus_Systeme/Website/buderus/buderus/newsletter/functions/node_modules/.bin/firebase-functions'
[info] Serving at port 8342

[debug] [2025-08-21T16:34:23.391Z] Got response from /__/functions.yaml {"endpoints":{"subscribeNewsletter":{"availableMemoryMb":null,"timeoutSeconds":null,"minInstances":null,"maxInstances":null,"ingressSettings":null,"concurrency":null,"serviceAccountEmail":null,"vpc":null,"platform":"gcfv2","labels":{},"callableTrigger":{},"entryPoint":"subscribeNewsletter"},"confirmNewsletter":{"availableMemoryMb":null,"timeoutSeconds":null,"minInstances":null,"maxInstances":null,"ingressSettings":null,"concurrency":null,"serviceAccountEmail":null,"vpc":null,"platform":"gcfv2","labels":{},"callableTrigger":{},"entryPoint":"confirmNewsletter"},"unsubscribeNewsletter":{"availableMemoryMb":null,"timeoutSeconds":null,"minInstances":null,"maxInstances":null,"ingressSettings":null,"concurrency":null,"serviceAccountEmail":null,"vpc":null,"platform":"gcfv2","labels":{},"callableTrigger":{},"entryPoint":"unsubscribeNewsletter"},"setupAdmin":{"availableMemoryMb":null,"timeoutSeconds":null,"minInstances":null,"maxInstances":null,"ingressSettings":null,"concurrency":null,"serviceAccountEmail":null,"vpc":null,"platform":"gcfv2","labels":{},"callableTrigger":{},"entryPoint":"setupAdmin"},"getSubscribers":{"availableMemoryMb":null,"timeoutSeconds":null,"minInstances":null,"maxInstances":null,"ingressSettings":null,"concurrency":null,"serviceAccountEmail":null,"vpc":null,"platform":"gcfv2","labels":{},"callableTrigger":{},"entryPoint":"getSubscribers"},"addManualSubscriber":{"availableMemoryMb":null,"timeoutSeconds":null,"minInstances":null,"maxInstances":null,"ingressSettings":null,"concurrency":null,"serviceAccountEmail":null,"vpc":null,"platform":"gcfv2","labels":{},"callableTrigger":{},"entryPoint":"addManualSubscriber"},"sendNewsletter":{"availableMemoryMb":null,"timeoutSeconds":null,"minInstances":null,"maxInstances":null,"ingressSettings":null,"concurrency":null,"serviceAccountEmail":null,"vpc":null,"platform":"gcfv2","labels":{},"callableTrigger":{},"entryPoint":"sendNewsletter"},"sendTestNewsletter":{"availableMemoryMb":null,"timeoutSeconds":null,"minInstances":null,"maxInstances":null,"ingressSettings":null,"concurrency":null,"serviceAccountEmail":null,"vpc":null,"platform":"gcfv2","labels":{},"callableTrigger":{},"entryPoint":"sendTestNewsletter"},"getAnalytics":{"availableMemoryMb":null,"timeoutSeconds":null,"minInstances":null,"maxInstances":null,"ingressSettings":null,"concurrency":null,"serviceAccountEmail":null,"vpc":null,"platform":"gcfv2","labels":{},"callableTrigger":{},"entryPoint":"getAnalytics"}},"specVersion":"v1alpha1","requiredAPIs":[],"extensions":{}}
[debug] [2025-08-21T16:34:23.402Z] [functions] Loaded functions definitions from source: subscribeNewsletter, confirmNewsletter, unsubscribeNewsletter, setupAdmin, getSubscribers, addManualSubscriber, sendNewsletter, sendTestNewsletter, getAnalytics.
[debug] [2025-08-21T16:34:30.814Z] DEBUG: File /Users/lucaschweiger/Documents/Clients/Buderus_Systeme/Website/buderus/buderus/newsletter/functions/admin-functions.js changed, reloading triggers
[debug] [2025-08-21T16:34:31.819Z] Validating nodejs source
[debug] [2025-08-21T16:34:32.285Z] > [functions] package.json contents: {
  "name": "newsletter-functions",
  "version": "1.0.0",
  "description": "Firebase Cloud Functions für Newsletter System",
  "main": "index.js",
  "scripts": {
    "build": "echo 'Build complete'",
    "serve": "firebase emulators:start --only functions",
    "shell": "firebase functions:shell",
    "start": "npm run shell",
    "deploy": "firebase deploy --only functions",
    "logs": "firebase functions:log"
  },
  "engines": {
    "node": "20"
  },
  "dependencies": {
    "firebase-admin": "^13.4.0",
    "firebase-functions": "^6.4.0",
    "nodemailer": "^6.9.4",
    "validator": "^13.11.0"
  },
  "devDependencies": {
    "firebase-functions-test": "^3.1.0"
  },
  "private": true
}
[debug] [2025-08-21T16:34:32.286Z] Building nodejs source
[debug] [2025-08-21T16:34:32.286Z] Failed to find version of module node: reached end of search path /Users/lucaschweiger/Documents/Clients/Buderus_Systeme/Website/buderus/buderus/newsletter/functions/node_modules
[warn] ⚠  functions: Your requested "node" version "20" doesn't match your global version "18". Using node@18 from host. 
[debug] [2025-08-21T16:34:32.287Z] Could not find functions.yaml. Must use http discovery
[debug] [2025-08-21T16:34:32.288Z] Found firebase-functions binary at '/Users/lucaschweiger/Documents/Clients/Buderus_Systeme/Website/buderus/buderus/newsletter/functions/node_modules/.bin/firebase-functions'
[info] Serving at port 8575

[debug] [2025-08-21T16:34:32.587Z] Got response from /__/functions.yaml {"endpoints":{"subscribeNewsletter":{"availableMemoryMb":null,"timeoutSeconds":null,"minInstances":null,"maxInstances":null,"ingressSettings":null,"concurrency":null,"serviceAccountEmail":null,"vpc":null,"platform":"gcfv2","labels":{},"callableTrigger":{},"entryPoint":"subscribeNewsletter"},"confirmNewsletter":{"availableMemoryMb":null,"timeoutSeconds":null,"minInstances":null,"maxInstances":null,"ingressSettings":null,"concurrency":null,"serviceAccountEmail":null,"vpc":null,"platform":"gcfv2","labels":{},"callableTrigger":{},"entryPoint":"confirmNewsletter"},"unsubscribeNewsletter":{"availableMemoryMb":null,"timeoutSeconds":null,"minInstances":null,"maxInstances":null,"ingressSettings":null,"concurrency":null,"serviceAccountEmail":null,"vpc":null,"platform":"gcfv2","labels":{},"callableTrigger":{},"entryPoint":"unsubscribeNewsletter"},"setupAdmin":{"availableMemoryMb":null,"timeoutSeconds":null,"minInstances":null,"maxInstances":null,"ingressSettings":null,"concurrency":null,"serviceAccountEmail":null,"vpc":null,"platform":"gcfv2","labels":{},"callableTrigger":{},"entryPoint":"setupAdmin"},"getSubscribers":{"availableMemoryMb":null,"timeoutSeconds":null,"minInstances":null,"maxInstances":null,"ingressSettings":null,"concurrency":null,"serviceAccountEmail":null,"vpc":null,"platform":"gcfv2","labels":{},"callableTrigger":{},"entryPoint":"getSubscribers"},"addManualSubscriber":{"availableMemoryMb":null,"timeoutSeconds":null,"minInstances":null,"maxInstances":null,"ingressSettings":null,"concurrency":null,"serviceAccountEmail":null,"vpc":null,"platform":"gcfv2","labels":{},"callableTrigger":{},"entryPoint":"addManualSubscriber"},"sendNewsletter":{"availableMemoryMb":null,"timeoutSeconds":null,"minInstances":null,"maxInstances":null,"ingressSettings":null,"concurrency":null,"serviceAccountEmail":null,"vpc":null,"platform":"gcfv2","labels":{},"callableTrigger":{},"entryPoint":"sendNewsletter"},"sendTestNewsletter":{"availableMemoryMb":null,"timeoutSeconds":null,"minInstances":null,"maxInstances":null,"ingressSettings":null,"concurrency":null,"serviceAccountEmail":null,"vpc":null,"platform":"gcfv2","labels":{},"callableTrigger":{},"entryPoint":"sendTestNewsletter"},"getAnalytics":{"availableMemoryMb":null,"timeoutSeconds":null,"minInstances":null,"maxInstances":null,"ingressSettings":null,"concurrency":null,"serviceAccountEmail":null,"vpc":null,"platform":"gcfv2","labels":{},"callableTrigger":{},"entryPoint":"getAnalytics"}},"specVersion":"v1alpha1","requiredAPIs":[],"extensions":{}}
[debug] [2025-08-21T16:34:32.600Z] [functions] Loaded functions definitions from source: subscribeNewsletter, confirmNewsletter, unsubscribeNewsletter, setupAdmin, getSubscribers, addManualSubscriber, sendNewsletter, sendTestNewsletter, getAnalytics.
[debug] [2025-08-21T16:34:39.874Z] DEBUG: File /Users/lucaschweiger/Documents/Clients/Buderus_Systeme/Website/buderus/buderus/newsletter/functions/admin-functions.js changed, reloading triggers
[debug] [2025-08-21T16:34:40.879Z] Validating nodejs source
[debug] [2025-08-21T16:34:41.282Z] > [functions] package.json contents: {
  "name": "newsletter-functions",
  "version": "1.0.0",
  "description": "Firebase Cloud Functions für Newsletter System",
  "main": "index.js",
  "scripts": {
    "build": "echo 'Build complete'",
    "serve": "firebase emulators:start --only functions",
    "shell": "firebase functions:shell",
    "start": "npm run shell",
    "deploy": "firebase deploy --only functions",
    "logs": "firebase functions:log"
  },
  "engines": {
    "node": "20"
  },
  "dependencies": {
    "firebase-admin": "^13.4.0",
    "firebase-functions": "^6.4.0",
    "nodemailer": "^6.9.4",
    "validator": "^13.11.0"
  },
  "devDependencies": {
    "firebase-functions-test": "^3.1.0"
  },
  "private": true
}
[debug] [2025-08-21T16:34:41.283Z] Building nodejs source
[debug] [2025-08-21T16:34:41.283Z] Failed to find version of module node: reached end of search path /Users/lucaschweiger/Documents/Clients/Buderus_Systeme/Website/buderus/buderus/newsletter/functions/node_modules
[warn] ⚠  functions: Your requested "node" version "20" doesn't match your global version "18". Using node@18 from host. 
[debug] [2025-08-21T16:34:41.284Z] Could not find functions.yaml. Must use http discovery
[debug] [2025-08-21T16:34:41.285Z] Found firebase-functions binary at '/Users/lucaschweiger/Documents/Clients/Buderus_Systeme/Website/buderus/buderus/newsletter/functions/node_modules/.bin/firebase-functions'
[info] Serving at port 8874

[debug] [2025-08-21T16:34:41.561Z] Got response from /__/functions.yaml {"endpoints":{"subscribeNewsletter":{"availableMemoryMb":null,"timeoutSeconds":null,"minInstances":null,"maxInstances":null,"ingressSettings":null,"concurrency":null,"serviceAccountEmail":null,"vpc":null,"platform":"gcfv2","labels":{},"callableTrigger":{},"entryPoint":"subscribeNewsletter"},"confirmNewsletter":{"availableMemoryMb":null,"timeoutSeconds":null,"minInstances":null,"maxInstances":null,"ingressSettings":null,"concurrency":null,"serviceAccountEmail":null,"vpc":null,"platform":"gcfv2","labels":{},"callableTrigger":{},"entryPoint":"confirmNewsletter"},"unsubscribeNewsletter":{"availableMemoryMb":null,"timeoutSeconds":null,"minInstances":null,"maxInstances":null,"ingressSettings":null,"concurrency":null,"serviceAccountEmail":null,"vpc":null,"platform":"gcfv2","labels":{},"callableTrigger":{},"entryPoint":"unsubscribeNewsletter"},"setupAdmin":{"availableMemoryMb":null,"timeoutSeconds":null,"minInstances":null,"maxInstances":null,"ingressSettings":null,"concurrency":null,"serviceAccountEmail":null,"vpc":null,"platform":"gcfv2","labels":{},"callableTrigger":{},"entryPoint":"setupAdmin"},"getSubscribers":{"availableMemoryMb":null,"timeoutSeconds":null,"minInstances":null,"maxInstances":null,"ingressSettings":null,"concurrency":null,"serviceAccountEmail":null,"vpc":null,"platform":"gcfv2","labels":{},"callableTrigger":{},"entryPoint":"getSubscribers"},"addManualSubscriber":{"availableMemoryMb":null,"timeoutSeconds":null,"minInstances":null,"maxInstances":null,"ingressSettings":null,"concurrency":null,"serviceAccountEmail":null,"vpc":null,"platform":"gcfv2","labels":{},"callableTrigger":{},"entryPoint":"addManualSubscriber"},"sendNewsletter":{"availableMemoryMb":null,"timeoutSeconds":null,"minInstances":null,"maxInstances":null,"ingressSettings":null,"concurrency":null,"serviceAccountEmail":null,"vpc":null,"platform":"gcfv2","labels":{},"callableTrigger":{},"entryPoint":"sendNewsletter"},"sendTestNewsletter":{"availableMemoryMb":null,"timeoutSeconds":null,"minInstances":null,"maxInstances":null,"ingressSettings":null,"concurrency":null,"serviceAccountEmail":null,"vpc":null,"platform":"gcfv2","labels":{},"callableTrigger":{},"entryPoint":"sendTestNewsletter"},"getAnalytics":{"availableMemoryMb":null,"timeoutSeconds":null,"minInstances":null,"maxInstances":null,"ingressSettings":null,"concurrency":null,"serviceAccountEmail":null,"vpc":null,"platform":"gcfv2","labels":{},"callableTrigger":{},"entryPoint":"getAnalytics"}},"specVersion":"v1alpha1","requiredAPIs":[],"extensions":{}}
[debug] [2025-08-21T16:34:41.568Z] [functions] Loaded functions definitions from source: subscribeNewsletter, confirmNewsletter, unsubscribeNewsletter, setupAdmin, getSubscribers, addManualSubscriber, sendNewsletter, sendTestNewsletter, getAnalytics.
[debug] [2025-08-21T16:34:55.822Z] DEBUG: File /Users/lucaschweiger/Documents/Clients/Buderus_Systeme/Website/buderus/buderus/newsletter/functions/admin-functions.js changed, reloading triggers
[debug] [2025-08-21T16:34:56.826Z] Validating nodejs source
[debug] [2025-08-21T16:34:57.263Z] > [functions] package.json contents: {
  "name": "newsletter-functions",
  "version": "1.0.0",
  "description": "Firebase Cloud Functions für Newsletter System",
  "main": "index.js",
  "scripts": {
    "build": "echo 'Build complete'",
    "serve": "firebase emulators:start --only functions",
    "shell": "firebase functions:shell",
    "start": "npm run shell",
    "deploy": "firebase deploy --only functions",
    "logs": "firebase functions:log"
  },
  "engines": {
    "node": "20"
  },
  "dependencies": {
    "firebase-admin": "^13.4.0",
    "firebase-functions": "^6.4.0",
    "nodemailer": "^6.9.4",
    "validator": "^13.11.0"
  },
  "devDependencies": {
    "firebase-functions-test": "^3.1.0"
  },
  "private": true
}
[debug] [2025-08-21T16:34:57.263Z] Building nodejs source
[debug] [2025-08-21T16:34:57.263Z] Failed to find version of module node: reached end of search path /Users/lucaschweiger/Documents/Clients/Buderus_Systeme/Website/buderus/buderus/newsletter/functions/node_modules
[warn] ⚠  functions: Your requested "node" version "20" doesn't match your global version "18". Using node@18 from host. 
[debug] [2025-08-21T16:34:57.264Z] Could not find functions.yaml. Must use http discovery
[debug] [2025-08-21T16:34:57.265Z] Found firebase-functions binary at '/Users/lucaschweiger/Documents/Clients/Buderus_Systeme/Website/buderus/buderus/newsletter/functions/node_modules/.bin/firebase-functions'
[info] Serving at port 8973

[debug] [2025-08-21T16:34:57.663Z] Got response from /__/functions.yaml {"endpoints":{"subscribeNewsletter":{"availableMemoryMb":null,"timeoutSeconds":null,"minInstances":null,"maxInstances":null,"ingressSettings":null,"concurrency":null,"serviceAccountEmail":null,"vpc":null,"platform":"gcfv2","labels":{},"callableTrigger":{},"entryPoint":"subscribeNewsletter"},"confirmNewsletter":{"availableMemoryMb":null,"timeoutSeconds":null,"minInstances":null,"maxInstances":null,"ingressSettings":null,"concurrency":null,"serviceAccountEmail":null,"vpc":null,"platform":"gcfv2","labels":{},"callableTrigger":{},"entryPoint":"confirmNewsletter"},"unsubscribeNewsletter":{"availableMemoryMb":null,"timeoutSeconds":null,"minInstances":null,"maxInstances":null,"ingressSettings":null,"concurrency":null,"serviceAccountEmail":null,"vpc":null,"platform":"gcfv2","labels":{},"callableTrigger":{},"entryPoint":"unsubscribeNewsletter"},"setupAdmin":{"availableMemoryMb":null,"timeoutSeconds":null,"minInstances":null,"maxInstances":null,"ingressSettings":null,"concurrency":null,"serviceAccountEmail":null,"vpc":null,"platform":"gcfv2","labels":{},"callableTrigger":{},"entryPoint":"setupAdmin"},"getSubscribers":{"availableMemoryMb":null,"timeoutSeconds":null,"minInstances":null,"maxInstances":null,"ingressSettings":null,"concurrency":null,"serviceAccountEmail":null,"vpc":null,"platform":"gcfv2","labels":{},"callableTrigger":{},"entryPoint":"getSubscribers"},"addManualSubscriber":{"availableMemoryMb":null,"timeoutSeconds":null,"minInstances":null,"maxInstances":null,"ingressSettings":null,"concurrency":null,"serviceAccountEmail":null,"vpc":null,"platform":"gcfv2","labels":{},"callableTrigger":{},"entryPoint":"addManualSubscriber"},"sendNewsletter":{"availableMemoryMb":null,"timeoutSeconds":null,"minInstances":null,"maxInstances":null,"ingressSettings":null,"concurrency":null,"serviceAccountEmail":null,"vpc":null,"platform":"gcfv2","labels":{},"callableTrigger":{},"entryPoint":"sendNewsletter"},"sendTestNewsletter":{"availableMemoryMb":null,"timeoutSeconds":null,"minInstances":null,"maxInstances":null,"ingressSettings":null,"concurrency":null,"serviceAccountEmail":null,"vpc":null,"platform":"gcfv2","labels":{},"callableTrigger":{},"entryPoint":"sendTestNewsletter"},"getAnalytics":{"availableMemoryMb":null,"timeoutSeconds":null,"minInstances":null,"maxInstances":null,"ingressSettings":null,"concurrency":null,"serviceAccountEmail":null,"vpc":null,"platform":"gcfv2","labels":{},"callableTrigger":{},"entryPoint":"getAnalytics"}},"specVersion":"v1alpha1","requiredAPIs":[],"extensions":{}}
[debug] [2025-08-21T16:34:57.670Z] [functions] Loaded functions definitions from source: subscribeNewsletter, confirmNewsletter, unsubscribeNewsletter, setupAdmin, getSubscribers, addManualSubscriber, sendNewsletter, sendTestNewsletter, getAnalytics.
[debug] [2025-08-21T16:35:06.611Z] DEBUG: File /Users/lucaschweiger/Documents/Clients/Buderus_Systeme/Website/buderus/buderus/newsletter/functions/admin-functions.js changed, reloading triggers
[debug] [2025-08-21T16:35:07.616Z] Validating nodejs source
[debug] [2025-08-21T16:35:08.100Z] > [functions] package.json contents: {
  "name": "newsletter-functions",
  "version": "1.0.0",
  "description": "Firebase Cloud Functions für Newsletter System",
  "main": "index.js",
  "scripts": {
    "build": "echo 'Build complete'",
    "serve": "firebase emulators:start --only functions",
    "shell": "firebase functions:shell",
    "start": "npm run shell",
    "deploy": "firebase deploy --only functions",
    "logs": "firebase functions:log"
  },
  "engines": {
    "node": "20"
  },
  "dependencies": {
    "firebase-admin": "^13.4.0",
    "firebase-functions": "^6.4.0",
    "nodemailer": "^6.9.4",
    "validator": "^13.11.0"
  },
  "devDependencies": {
    "firebase-functions-test": "^3.1.0"
  },
  "private": true
}
[debug] [2025-08-21T16:35:08.100Z] Building nodejs source
[debug] [2025-08-21T16:35:08.100Z] Failed to find version of module node: reached end of search path /Users/lucaschweiger/Documents/Clients/Buderus_Systeme/Website/buderus/buderus/newsletter/functions/node_modules
[warn] ⚠  functions: Your requested "node" version "20" doesn't match your global version "18". Using node@18 from host. 
[debug] [2025-08-21T16:35:08.101Z] Could not find functions.yaml. Must use http discovery
[debug] [2025-08-21T16:35:08.103Z] Found firebase-functions binary at '/Users/lucaschweiger/Documents/Clients/Buderus_Systeme/Website/buderus/buderus/newsletter/functions/node_modules/.bin/firebase-functions'
[info] Serving at port 8701

[debug] [2025-08-21T16:35:08.517Z] Got response from /__/functions.yaml {"endpoints":{"subscribeNewsletter":{"availableMemoryMb":null,"timeoutSeconds":null,"minInstances":null,"maxInstances":null,"ingressSettings":null,"concurrency":null,"serviceAccountEmail":null,"vpc":null,"platform":"gcfv2","labels":{},"callableTrigger":{},"entryPoint":"subscribeNewsletter"},"confirmNewsletter":{"availableMemoryMb":null,"timeoutSeconds":null,"minInstances":null,"maxInstances":null,"ingressSettings":null,"concurrency":null,"serviceAccountEmail":null,"vpc":null,"platform":"gcfv2","labels":{},"callableTrigger":{},"entryPoint":"confirmNewsletter"},"unsubscribeNewsletter":{"availableMemoryMb":null,"timeoutSeconds":null,"minInstances":null,"maxInstances":null,"ingressSettings":null,"concurrency":null,"serviceAccountEmail":null,"vpc":null,"platform":"gcfv2","labels":{},"callableTrigger":{},"entryPoint":"unsubscribeNewsletter"},"setupAdmin":{"availableMemoryMb":null,"timeoutSeconds":null,"minInstances":null,"maxInstances":null,"ingressSettings":null,"concurrency":null,"serviceAccountEmail":null,"vpc":null,"platform":"gcfv2","labels":{},"callableTrigger":{},"entryPoint":"setupAdmin"},"getSubscribers":{"availableMemoryMb":null,"timeoutSeconds":null,"minInstances":null,"maxInstances":null,"ingressSettings":null,"concurrency":null,"serviceAccountEmail":null,"vpc":null,"platform":"gcfv2","labels":{},"callableTrigger":{},"entryPoint":"getSubscribers"},"addManualSubscriber":{"availableMemoryMb":null,"timeoutSeconds":null,"minInstances":null,"maxInstances":null,"ingressSettings":null,"concurrency":null,"serviceAccountEmail":null,"vpc":null,"platform":"gcfv2","labels":{},"callableTrigger":{},"entryPoint":"addManualSubscriber"},"sendNewsletter":{"availableMemoryMb":null,"timeoutSeconds":null,"minInstances":null,"maxInstances":null,"ingressSettings":null,"concurrency":null,"serviceAccountEmail":null,"vpc":null,"platform":"gcfv2","labels":{},"callableTrigger":{},"entryPoint":"sendNewsletter"},"sendTestNewsletter":{"availableMemoryMb":null,"timeoutSeconds":null,"minInstances":null,"maxInstances":null,"ingressSettings":null,"concurrency":null,"serviceAccountEmail":null,"vpc":null,"platform":"gcfv2","labels":{},"callableTrigger":{},"entryPoint":"sendTestNewsletter"},"getAnalytics":{"availableMemoryMb":null,"timeoutSeconds":null,"minInstances":null,"maxInstances":null,"ingressSettings":null,"concurrency":null,"serviceAccountEmail":null,"vpc":null,"platform":"gcfv2","labels":{},"callableTrigger":{},"entryPoint":"getAnalytics"}},"specVersion":"v1alpha1","requiredAPIs":[],"extensions":{}}
[debug] [2025-08-21T16:35:08.524Z] [functions] Loaded functions definitions from source: subscribeNewsletter, confirmNewsletter, unsubscribeNewsletter, setupAdmin, getSubscribers, addManualSubscriber, sendNewsletter, sendTestNewsletter, getAnalytics.
[debug] [2025-08-21T16:39:02.232Z] DEBUG: File /Users/lucaschweiger/Documents/Clients/Buderus_Systeme/Website/buderus/buderus/newsletter/functions/admin-functions.js changed, reloading triggers
[debug] [2025-08-21T16:39:03.272Z] Validating nodejs source
[debug] [2025-08-21T16:39:03.883Z] > [functions] package.json contents: {
  "name": "newsletter-functions",
  "version": "1.0.0",
  "description": "Firebase Cloud Functions für Newsletter System",
  "main": "index.js",
  "scripts": {
    "build": "echo 'Build complete'",
    "serve": "firebase emulators:start --only functions",
    "shell": "firebase functions:shell",
    "start": "npm run shell",
    "deploy": "firebase deploy --only functions",
    "logs": "firebase functions:log"
  },
  "engines": {
    "node": "20"
  },
  "dependencies": {
    "firebase-admin": "^13.4.0",
    "firebase-functions": "^6.4.0",
    "nodemailer": "^6.9.4",
    "validator": "^13.11.0"
  },
  "devDependencies": {
    "firebase-functions-test": "^3.1.0"
  },
  "private": true
}
[debug] [2025-08-21T16:39:03.884Z] Building nodejs source
[debug] [2025-08-21T16:39:03.884Z] Failed to find version of module node: reached end of search path /Users/lucaschweiger/Documents/Clients/Buderus_Systeme/Website/buderus/buderus/newsletter/functions/node_modules
[warn] ⚠  functions: Your requested "node" version "20" doesn't match your global version "18". Using node@18 from host. 
[debug] [2025-08-21T16:39:03.887Z] Could not find functions.yaml. Must use http discovery
[debug] [2025-08-21T16:39:03.889Z] Found firebase-functions binary at '/Users/lucaschweiger/Documents/Clients/Buderus_Systeme/Website/buderus/buderus/newsletter/functions/node_modules/.bin/firebase-functions'
[info] Serving at port 8871

[debug] [2025-08-21T16:39:04.455Z] Got response from /__/functions.yaml {"endpoints":{"subscribeNewsletter":{"availableMemoryMb":null,"timeoutSeconds":null,"minInstances":null,"maxInstances":null,"ingressSettings":null,"concurrency":null,"serviceAccountEmail":null,"vpc":null,"platform":"gcfv2","labels":{},"callableTrigger":{},"entryPoint":"subscribeNewsletter"},"confirmNewsletter":{"availableMemoryMb":null,"timeoutSeconds":null,"minInstances":null,"maxInstances":null,"ingressSettings":null,"concurrency":null,"serviceAccountEmail":null,"vpc":null,"platform":"gcfv2","labels":{},"callableTrigger":{},"entryPoint":"confirmNewsletter"},"unsubscribeNewsletter":{"availableMemoryMb":null,"timeoutSeconds":null,"minInstances":null,"maxInstances":null,"ingressSettings":null,"concurrency":null,"serviceAccountEmail":null,"vpc":null,"platform":"gcfv2","labels":{},"callableTrigger":{},"entryPoint":"unsubscribeNewsletter"},"setupAdmin":{"availableMemoryMb":null,"timeoutSeconds":null,"minInstances":null,"maxInstances":null,"ingressSettings":null,"concurrency":null,"serviceAccountEmail":null,"vpc":null,"platform":"gcfv2","labels":{},"callableTrigger":{},"entryPoint":"setupAdmin"},"getSubscribers":{"availableMemoryMb":null,"timeoutSeconds":null,"minInstances":null,"maxInstances":null,"ingressSettings":null,"concurrency":null,"serviceAccountEmail":null,"vpc":null,"platform":"gcfv2","labels":{},"callableTrigger":{},"entryPoint":"getSubscribers"},"addManualSubscriber":{"availableMemoryMb":null,"timeoutSeconds":null,"minInstances":null,"maxInstances":null,"ingressSettings":null,"concurrency":null,"serviceAccountEmail":null,"vpc":null,"platform":"gcfv2","labels":{},"callableTrigger":{},"entryPoint":"addManualSubscriber"},"sendNewsletter":{"availableMemoryMb":null,"timeoutSeconds":null,"minInstances":null,"maxInstances":null,"ingressSettings":null,"concurrency":null,"serviceAccountEmail":null,"vpc":null,"platform":"gcfv2","labels":{},"callableTrigger":{},"entryPoint":"sendNewsletter"},"sendTestNewsletter":{"availableMemoryMb":null,"timeoutSeconds":null,"minInstances":null,"maxInstances":null,"ingressSettings":null,"concurrency":null,"serviceAccountEmail":null,"vpc":null,"platform":"gcfv2","labels":{},"callableTrigger":{},"entryPoint":"sendTestNewsletter"},"getAnalytics":{"availableMemoryMb":null,"timeoutSeconds":null,"minInstances":null,"maxInstances":null,"ingressSettings":null,"concurrency":null,"serviceAccountEmail":null,"vpc":null,"platform":"gcfv2","labels":{},"callableTrigger":{},"entryPoint":"getAnalytics"}},"specVersion":"v1alpha1","requiredAPIs":[],"extensions":{}}
[debug] [2025-08-21T16:39:04.490Z] [functions] Loaded functions definitions from source: subscribeNewsletter, confirmNewsletter, unsubscribeNewsletter, setupAdmin, getSubscribers, addManualSubscriber, sendNewsletter, sendTestNewsletter, getAnalytics.
[debug] [2025-08-21T16:39:25.302Z] DEBUG: File /Users/lucaschweiger/Documents/Clients/Buderus_Systeme/Website/buderus/buderus/newsletter/functions/admin-functions.js changed, reloading triggers
[debug] [2025-08-21T16:39:26.318Z] Validating nodejs source
[debug] [2025-08-21T16:39:26.779Z] > [functions] package.json contents: {
  "name": "newsletter-functions",
  "version": "1.0.0",
  "description": "Firebase Cloud Functions für Newsletter System",
  "main": "index.js",
  "scripts": {
    "build": "echo 'Build complete'",
    "serve": "firebase emulators:start --only functions",
    "shell": "firebase functions:shell",
    "start": "npm run shell",
    "deploy": "firebase deploy --only functions",
    "logs": "firebase functions:log"
  },
  "engines": {
    "node": "20"
  },
  "dependencies": {
    "firebase-admin": "^13.4.0",
    "firebase-functions": "^6.4.0",
    "nodemailer": "^6.9.4",
    "validator": "^13.11.0"
  },
  "devDependencies": {
    "firebase-functions-test": "^3.1.0"
  },
  "private": true
}
[debug] [2025-08-21T16:39:26.780Z] Building nodejs source
[debug] [2025-08-21T16:39:26.780Z] Failed to find version of module node: reached end of search path /Users/lucaschweiger/Documents/Clients/Buderus_Systeme/Website/buderus/buderus/newsletter/functions/node_modules
[warn] ⚠  functions: Your requested "node" version "20" doesn't match your global version "18". Using node@18 from host. 
[debug] [2025-08-21T16:39:26.781Z] Could not find functions.yaml. Must use http discovery
[debug] [2025-08-21T16:39:26.782Z] Found firebase-functions binary at '/Users/lucaschweiger/Documents/Clients/Buderus_Systeme/Website/buderus/buderus/newsletter/functions/node_modules/.bin/firebase-functions'
[info] Serving at port 8504

[debug] [2025-08-21T16:39:27.114Z] Got response from /__/functions.yaml {"endpoints":{"subscribeNewsletter":{"availableMemoryMb":null,"timeoutSeconds":null,"minInstances":null,"maxInstances":null,"ingressSettings":null,"concurrency":null,"serviceAccountEmail":null,"vpc":null,"platform":"gcfv2","labels":{},"callableTrigger":{},"entryPoint":"subscribeNewsletter"},"confirmNewsletter":{"availableMemoryMb":null,"timeoutSeconds":null,"minInstances":null,"maxInstances":null,"ingressSettings":null,"concurrency":null,"serviceAccountEmail":null,"vpc":null,"platform":"gcfv2","labels":{},"callableTrigger":{},"entryPoint":"confirmNewsletter"},"unsubscribeNewsletter":{"availableMemoryMb":null,"timeoutSeconds":null,"minInstances":null,"maxInstances":null,"ingressSettings":null,"concurrency":null,"serviceAccountEmail":null,"vpc":null,"platform":"gcfv2","labels":{},"callableTrigger":{},"entryPoint":"unsubscribeNewsletter"},"setupAdmin":{"availableMemoryMb":null,"timeoutSeconds":null,"minInstances":null,"maxInstances":null,"ingressSettings":null,"concurrency":null,"serviceAccountEmail":null,"vpc":null,"platform":"gcfv2","labels":{},"callableTrigger":{},"entryPoint":"setupAdmin"},"getSubscribers":{"availableMemoryMb":null,"timeoutSeconds":null,"minInstances":null,"maxInstances":null,"ingressSettings":null,"concurrency":null,"serviceAccountEmail":null,"vpc":null,"platform":"gcfv2","labels":{},"callableTrigger":{},"entryPoint":"getSubscribers"},"addManualSubscriber":{"availableMemoryMb":null,"timeoutSeconds":null,"minInstances":null,"maxInstances":null,"ingressSettings":null,"concurrency":null,"serviceAccountEmail":null,"vpc":null,"platform":"gcfv2","labels":{},"callableTrigger":{},"entryPoint":"addManualSubscriber"},"sendNewsletter":{"availableMemoryMb":null,"timeoutSeconds":null,"minInstances":null,"maxInstances":null,"ingressSettings":null,"concurrency":null,"serviceAccountEmail":null,"vpc":null,"platform":"gcfv2","labels":{},"callableTrigger":{},"entryPoint":"sendNewsletter"},"sendTestNewsletter":{"availableMemoryMb":null,"timeoutSeconds":null,"minInstances":null,"maxInstances":null,"ingressSettings":null,"concurrency":null,"serviceAccountEmail":null,"vpc":null,"platform":"gcfv2","labels":{},"callableTrigger":{},"entryPoint":"sendTestNewsletter"},"getAnalytics":{"availableMemoryMb":null,"timeoutSeconds":null,"minInstances":null,"maxInstances":null,"ingressSettings":null,"concurrency":null,"serviceAccountEmail":null,"vpc":null,"platform":"gcfv2","labels":{},"callableTrigger":{},"entryPoint":"getAnalytics"}},"specVersion":"v1alpha1","requiredAPIs":[],"extensions":{}}
[debug] [2025-08-21T16:39:27.125Z] [functions] Loaded functions definitions from source: subscribeNewsletter, confirmNewsletter, unsubscribeNewsletter, setupAdmin, getSubscribers, addManualSubscriber, sendNewsletter, sendTestNewsletter, getAnalytics.
[debug] [2025-08-21T16:48:08.597Z] DEBUG: File /Users/lucaschweiger/Documents/Clients/Buderus_Systeme/Website/buderus/buderus/newsletter/functions/admin-functions.js changed, reloading triggers
[debug] [2025-08-21T16:48:09.617Z] Validating nodejs source
[debug] [2025-08-21T16:48:10.246Z] > [functions] package.json contents: {
  "name": "newsletter-functions",
  "version": "1.0.0",
  "description": "Firebase Cloud Functions für Newsletter System",
  "main": "index.js",
  "scripts": {
    "build": "echo 'Build complete'",
    "serve": "firebase emulators:start --only functions",
    "shell": "firebase functions:shell",
    "start": "npm run shell",
    "deploy": "firebase deploy --only functions",
    "logs": "firebase functions:log"
  },
  "engines": {
    "node": "20"
  },
  "dependencies": {
    "firebase-admin": "^13.4.0",
    "firebase-functions": "^6.4.0",
    "nodemailer": "^6.9.4",
    "validator": "^13.11.0"
  },
  "devDependencies": {
    "firebase-functions-test": "^3.1.0"
  },
  "private": true
}
[debug] [2025-08-21T16:48:10.266Z] Building nodejs source
[debug] [2025-08-21T16:48:10.267Z] Failed to find version of module node: reached end of search path /Users/lucaschweiger/Documents/Clients/Buderus_Systeme/Website/buderus/buderus/newsletter/functions/node_modules
[warn] ⚠  functions: Your requested "node" version "20" doesn't match your global version "18". Using node@18 from host. 
[debug] [2025-08-21T16:48:10.279Z] Could not find functions.yaml. Must use http discovery
[debug] [2025-08-21T16:48:10.286Z] Found firebase-functions binary at '/Users/lucaschweiger/Documents/Clients/Buderus_Systeme/Website/buderus/buderus/newsletter/functions/node_modules/.bin/firebase-functions'
[info] Serving at port 8004

[debug] [2025-08-21T16:48:11.513Z] Got response from /__/functions.yaml {"endpoints":{"subscribeNewsletter":{"availableMemoryMb":null,"timeoutSeconds":null,"minInstances":null,"maxInstances":null,"ingressSettings":null,"concurrency":null,"serviceAccountEmail":null,"vpc":null,"platform":"gcfv2","labels":{},"callableTrigger":{},"entryPoint":"subscribeNewsletter"},"confirmNewsletter":{"availableMemoryMb":null,"timeoutSeconds":null,"minInstances":null,"maxInstances":null,"ingressSettings":null,"concurrency":null,"serviceAccountEmail":null,"vpc":null,"platform":"gcfv2","labels":{},"callableTrigger":{},"entryPoint":"confirmNewsletter"},"unsubscribeNewsletter":{"availableMemoryMb":null,"timeoutSeconds":null,"minInstances":null,"maxInstances":null,"ingressSettings":null,"concurrency":null,"serviceAccountEmail":null,"vpc":null,"platform":"gcfv2","labels":{},"callableTrigger":{},"entryPoint":"unsubscribeNewsletter"},"setupAdmin":{"availableMemoryMb":null,"timeoutSeconds":null,"minInstances":null,"maxInstances":null,"ingressSettings":null,"concurrency":null,"serviceAccountEmail":null,"vpc":null,"platform":"gcfv2","labels":{},"callableTrigger":{},"entryPoint":"setupAdmin"},"getSubscribers":{"availableMemoryMb":null,"timeoutSeconds":null,"minInstances":null,"maxInstances":null,"ingressSettings":null,"concurrency":null,"serviceAccountEmail":null,"vpc":null,"platform":"gcfv2","labels":{},"callableTrigger":{},"entryPoint":"getSubscribers"},"addManualSubscriber":{"availableMemoryMb":null,"timeoutSeconds":null,"minInstances":null,"maxInstances":null,"ingressSettings":null,"concurrency":null,"serviceAccountEmail":null,"vpc":null,"platform":"gcfv2","labels":{},"callableTrigger":{},"entryPoint":"addManualSubscriber"},"sendNewsletter":{"availableMemoryMb":null,"timeoutSeconds":null,"minInstances":null,"maxInstances":null,"ingressSettings":null,"concurrency":null,"serviceAccountEmail":null,"vpc":null,"platform":"gcfv2","labels":{},"callableTrigger":{},"entryPoint":"sendNewsletter"},"sendTestNewsletter":{"availableMemoryMb":null,"timeoutSeconds":null,"minInstances":null,"maxInstances":null,"ingressSettings":null,"concurrency":null,"serviceAccountEmail":null,"vpc":null,"platform":"gcfv2","labels":{},"callableTrigger":{},"entryPoint":"sendTestNewsletter"},"getAnalytics":{"availableMemoryMb":null,"timeoutSeconds":null,"minInstances":null,"maxInstances":null,"ingressSettings":null,"concurrency":null,"serviceAccountEmail":null,"vpc":null,"platform":"gcfv2","labels":{},"callableTrigger":{},"entryPoint":"getAnalytics"}},"specVersion":"v1alpha1","requiredAPIs":[],"extensions":{}}
[debug] [2025-08-21T16:48:11.525Z] [functions] Loaded functions definitions from source: subscribeNewsletter, confirmNewsletter, unsubscribeNewsletter, setupAdmin, getSubscribers, addManualSubscriber, sendNewsletter, sendTestNewsletter, getAnalytics.
[debug] [2025-08-21T16:54:28.796Z] DEBUG: File /Users/lucaschweiger/Documents/Clients/Buderus_Systeme/Website/buderus/buderus/newsletter/functions/admin-functions.js changed, reloading triggers
[debug] [2025-08-21T16:54:29.822Z] Validating nodejs source
[debug] [2025-08-21T16:54:30.541Z] > [functions] package.json contents: {
  "name": "newsletter-functions",
  "version": "1.0.0",
  "description": "Firebase Cloud Functions für Newsletter System",
  "main": "index.js",
  "scripts": {
    "build": "echo 'Build complete'",
    "serve": "firebase emulators:start --only functions",
    "shell": "firebase functions:shell",
    "start": "npm run shell",
    "deploy": "firebase deploy --only functions",
    "logs": "firebase functions:log"
  },
  "engines": {
    "node": "20"
  },
  "dependencies": {
    "firebase-admin": "^13.4.0",
    "firebase-functions": "^6.4.0",
    "nodemailer": "^6.9.4",
    "validator": "^13.11.0"
  },
  "devDependencies": {
    "firebase-functions-test": "^3.1.0"
  },
  "private": true
}
[debug] [2025-08-21T16:54:30.542Z] Building nodejs source
[debug] [2025-08-21T16:54:30.542Z] Failed to find version of module node: reached end of search path /Users/lucaschweiger/Documents/Clients/Buderus_Systeme/Website/buderus/buderus/newsletter/functions/node_modules
[warn] ⚠  functions: Your requested "node" version "20" doesn't match your global version "18". Using node@18 from host. 
[debug] [2025-08-21T16:54:30.547Z] Could not find functions.yaml. Must use http discovery
[debug] [2025-08-21T16:54:30.551Z] Found firebase-functions binary at '/Users/lucaschweiger/Documents/Clients/Buderus_Systeme/Website/buderus/buderus/newsletter/functions/node_modules/.bin/firebase-functions'
[info] Serving at port 8592

[debug] [2025-08-21T16:54:31.040Z] Got response from /__/functions.yaml {"endpoints":{"subscribeNewsletter":{"availableMemoryMb":null,"timeoutSeconds":null,"minInstances":null,"maxInstances":null,"ingressSettings":null,"concurrency":null,"serviceAccountEmail":null,"vpc":null,"platform":"gcfv2","labels":{},"callableTrigger":{},"entryPoint":"subscribeNewsletter"},"confirmNewsletter":{"availableMemoryMb":null,"timeoutSeconds":null,"minInstances":null,"maxInstances":null,"ingressSettings":null,"concurrency":null,"serviceAccountEmail":null,"vpc":null,"platform":"gcfv2","labels":{},"callableTrigger":{},"entryPoint":"confirmNewsletter"},"unsubscribeNewsletter":{"availableMemoryMb":null,"timeoutSeconds":null,"minInstances":null,"maxInstances":null,"ingressSettings":null,"concurrency":null,"serviceAccountEmail":null,"vpc":null,"platform":"gcfv2","labels":{},"callableTrigger":{},"entryPoint":"unsubscribeNewsletter"},"setupAdmin":{"availableMemoryMb":null,"timeoutSeconds":null,"minInstances":null,"maxInstances":null,"ingressSettings":null,"concurrency":null,"serviceAccountEmail":null,"vpc":null,"platform":"gcfv2","labels":{},"callableTrigger":{},"entryPoint":"setupAdmin"},"getSubscribers":{"availableMemoryMb":null,"timeoutSeconds":null,"minInstances":null,"maxInstances":null,"ingressSettings":null,"concurrency":null,"serviceAccountEmail":null,"vpc":null,"platform":"gcfv2","labels":{},"callableTrigger":{},"entryPoint":"getSubscribers"},"addManualSubscriber":{"availableMemoryMb":null,"timeoutSeconds":null,"minInstances":null,"maxInstances":null,"ingressSettings":null,"concurrency":null,"serviceAccountEmail":null,"vpc":null,"platform":"gcfv2","labels":{},"callableTrigger":{},"entryPoint":"addManualSubscriber"},"sendNewsletter":{"availableMemoryMb":null,"timeoutSeconds":null,"minInstances":null,"maxInstances":null,"ingressSettings":null,"concurrency":null,"serviceAccountEmail":null,"vpc":null,"platform":"gcfv2","labels":{},"callableTrigger":{},"entryPoint":"sendNewsletter"},"sendTestNewsletter":{"availableMemoryMb":null,"timeoutSeconds":null,"minInstances":null,"maxInstances":null,"ingressSettings":null,"concurrency":null,"serviceAccountEmail":null,"vpc":null,"platform":"gcfv2","labels":{},"callableTrigger":{},"entryPoint":"sendTestNewsletter"},"getAnalytics":{"availableMemoryMb":null,"timeoutSeconds":null,"minInstances":null,"maxInstances":null,"ingressSettings":null,"concurrency":null,"serviceAccountEmail":null,"vpc":null,"platform":"gcfv2","labels":{},"callableTrigger":{},"entryPoint":"getAnalytics"}},"specVersion":"v1alpha1","requiredAPIs":[],"extensions":{}}
[debug] [2025-08-21T16:54:31.048Z] [functions] Loaded functions definitions from source: subscribeNewsletter, confirmNewsletter, unsubscribeNewsletter, setupAdmin, getSubscribers, addManualSubscriber, sendNewsletter, sendTestNewsletter, getAnalytics.
