[debug] [2025-08-21T14:49:32.532Z] ----------------------------------------------------------------------
[debug] [2025-08-21T14:49:32.533Z] Command:       /Users/lucaschweiger/.nvm/versions/node/v18.20.4/bin/node /opt/homebrew/bin/firebase init functions
[debug] [2025-08-21T14:49:32.533Z] CLI Version:   13.22.0
[debug] [2025-08-21T14:49:32.533Z] Platform:      darwin
[debug] [2025-08-21T14:49:32.533Z] Node Version:  v18.20.4
[debug] [2025-08-21T14:49:32.538Z] Time:          Thu Aug 21 2025 16:49:32 GMT+0200 (Mitteleuropäische Sommerzeit)
[debug] [2025-08-21T14:49:32.538Z] ----------------------------------------------------------------------
[debug] 
[debug] [2025-08-21T14:49:32.566Z] > command requires scopes: ["email","openid","https://www.googleapis.com/auth/cloudplatformprojects.readonly","https://www.googleapis.com/auth/firebase","https://www.googleapis.com/auth/cloud-platform"]
[debug] [2025-08-21T14:49:32.566Z] > authorizing via signed-in user (lucakingsley@gmail.com)
[info] 
     ######## #### ########  ######## ########     ###     ######  ########
     ##        ##  ##     ## ##       ##     ##  ##   ##  ##       ##
     ######    ##  ########  ######   ########  #########  ######  ######
     ##        ##  ##    ##  ##       ##     ## ##     ##       ## ##
     ##       #### ##     ## ######## ########  ##     ##  ######  ########

You're about to initialize a Firebase project in this directory:

  /Users/lucaschweiger/Documents/Clients/Buderus_Systeme/Website/buderus/buderus/admin

Before we get started, keep in mind:

  * You are initializing within an existing Firebase project directory

[info] 
=== Project Setup
[info] 
[info] First, let's associate this project directory with a Firebase project.
[info] You can create multiple project aliases by running firebase use --add, 
[info] but for now we'll just set up a default project.
[info] 
[debug] [2025-08-21T14:50:03.111Z] Checked if tokens are valid: true, expires at: 1755789805540
[debug] [2025-08-21T14:50:03.112Z] Checked if tokens are valid: true, expires at: 1755789805540
[debug] [2025-08-21T14:50:03.114Z] >>> [apiv2][query] GET https://firebase.googleapis.com/v1beta1/projects pageSize=100
[debug] [2025-08-21T14:50:03.637Z] <<< [apiv2][status] GET https://firebase.googleapis.com/v1beta1/projects 200
[debug] [2025-08-21T14:50:03.637Z] <<< [apiv2][body] GET https://firebase.googleapis.com/v1beta1/projects [omitted]
[info] i  Using project buderus-systeme (Buderus Systeme) 
[info] 
=== Functions Setup
[debug] [2025-08-21T14:50:06.781Z] > command requires scopes: ["email","openid","https://www.googleapis.com/auth/cloudplatformprojects.readonly","https://www.googleapis.com/auth/firebase","https://www.googleapis.com/auth/cloud-platform"]
[debug] [2025-08-21T14:50:06.781Z] > authorizing via signed-in user (lucakingsley@gmail.com)
[debug] [2025-08-21T14:50:06.781Z] [iam] checking project buderus-systeme for permissions ["firebase.projects.get"]
[debug] [2025-08-21T14:50:06.782Z] Checked if tokens are valid: true, expires at: 1755789805540
[debug] [2025-08-21T14:50:06.782Z] Checked if tokens are valid: true, expires at: 1755789805540
[debug] [2025-08-21T14:50:06.782Z] >>> [apiv2][query] POST https://cloudresourcemanager.googleapis.com/v1/projects/buderus-systeme:testIamPermissions [none]
[debug] [2025-08-21T14:50:06.782Z] >>> [apiv2][(partial)header] POST https://cloudresourcemanager.googleapis.com/v1/projects/buderus-systeme:testIamPermissions x-goog-quota-user=projects/buderus-systeme
[debug] [2025-08-21T14:50:06.782Z] >>> [apiv2][body] POST https://cloudresourcemanager.googleapis.com/v1/projects/buderus-systeme:testIamPermissions {"permissions":["firebase.projects.get"]}
[debug] [2025-08-21T14:50:07.615Z] <<< [apiv2][status] POST https://cloudresourcemanager.googleapis.com/v1/projects/buderus-systeme:testIamPermissions 200
[debug] [2025-08-21T14:50:07.616Z] <<< [apiv2][body] POST https://cloudresourcemanager.googleapis.com/v1/projects/buderus-systeme:testIamPermissions {"permissions":["firebase.projects.get"]}
[debug] [2025-08-21T14:50:07.616Z] Checked if tokens are valid: true, expires at: 1755789805540
[debug] [2025-08-21T14:50:07.616Z] Checked if tokens are valid: true, expires at: 1755789805540
[debug] [2025-08-21T14:50:07.616Z] Checked if tokens are valid: true, expires at: 1755789805540
[debug] [2025-08-21T14:50:07.616Z] Checked if tokens are valid: true, expires at: 1755789805540
[debug] [2025-08-21T14:50:07.616Z] >>> [apiv2][query] GET https://serviceusage.googleapis.com/v1/projects/buderus-systeme/services/cloudfunctions.googleapis.com [none]
[debug] [2025-08-21T14:50:07.616Z] >>> [apiv2][(partial)header] GET https://serviceusage.googleapis.com/v1/projects/buderus-systeme/services/cloudfunctions.googleapis.com x-goog-quota-user=projects/buderus-systeme
[debug] [2025-08-21T14:50:07.617Z] >>> [apiv2][query] GET https://serviceusage.googleapis.com/v1/projects/buderus-systeme/services/runtimeconfig.googleapis.com [none]
[debug] [2025-08-21T14:50:07.617Z] >>> [apiv2][(partial)header] GET https://serviceusage.googleapis.com/v1/projects/buderus-systeme/services/runtimeconfig.googleapis.com x-goog-quota-user=projects/buderus-systeme
[debug] [2025-08-21T14:50:08.529Z] <<< [apiv2][status] GET https://serviceusage.googleapis.com/v1/projects/buderus-systeme/services/cloudfunctions.googleapis.com 200
[debug] [2025-08-21T14:50:08.529Z] <<< [apiv2][body] GET https://serviceusage.googleapis.com/v1/projects/buderus-systeme/services/cloudfunctions.googleapis.com [omitted]
[debug] [2025-08-21T14:50:08.540Z] <<< [apiv2][status] GET https://serviceusage.googleapis.com/v1/projects/buderus-systeme/services/runtimeconfig.googleapis.com 200
[debug] [2025-08-21T14:50:08.540Z] <<< [apiv2][body] GET https://serviceusage.googleapis.com/v1/projects/buderus-systeme/services/runtimeconfig.googleapis.com [omitted]
[info] 
Detected existing codebase(s): default

[info] Let's create a new codebase for your functions.
[info] A directory corresponding to the codebase will be created in your project
[info] with sample code pre-configured.

[info] See https://firebase.google.com/docs/functions/organize-functions for
[info] more information on organizing your functions using codebases.

[info] Functions can be deployed with firebase deploy.

